Build started 02/08/2020 10:13:37.
     1>Project "C:\Users\TOSHIBA\Documents\Visual Studio 2010\Projects\ImandanaPlayer\ImandanaPlayer\ImandanaPlayer.vcxproj" on node 2 (rebuild target(s)).
     1>_PrepareForClean:
         Deleting file "Debug\ImandanaPlayer.lastbuildstate".
       InitializeBuildStatus:
         Creating "Debug\ImandanaPlayer.unsuccessfulbuild" because "AlwaysCreate" was specified.
       ClCompile:
         C:\Program Files\Microsoft Visual Studio 10.0\VC\bin\CL.exe /c /ZI /nologo /W3 /WX- /Od /Oy- /D _MBCS /Gm /EHsc /RTC1 /MDd /GS /fp:precise /Zc:wchar_t /Zc:forScope /Fo"Debug\\" /Fd"Debug\vc100.pdb" /Gd /TP /analyze- /errorReport:prompt main.cpp
         main.cpp
     1>c:\users\toshiba\documents\visual studio 2010\projects\imandanaplayer\imandanaplayer\main.cpp(31): warning C4101: 'mvalues' : unreferenced local variable
     1>c:\users\toshiba\documents\visual studio 2010\projects\imandanaplayer\imandanaplayer\main.cpp(95): warning C4018: '<' : signed/unsigned mismatch
     1>c:\users\toshiba\documents\visual studio 2010\projects\imandanaplayer\imandanaplayer\main.cpp(102): warning C4018: '<' : signed/unsigned mismatch
     1>c:\users\toshiba\documents\visual studio 2010\projects\imandanaplayer\imandanaplayer\main.cpp(131): warning C4018: '<' : signed/unsigned mismatch
       Link:
         C:\Program Files\Microsoft Visual Studio 10.0\VC\bin\link.exe /ERRORREPORT:PROMPT /OUT:"C:\Users\TOSHIBA\Documents\Visual Studio 2010\Projects\ImandanaPlayer\Debug\ImandanaPlayer.exe" /NOLOGO "mono-2.0-sgen.lib" kernel32.lib user32.lib gdi32.lib winspool.lib comdlg32.lib advapi32.lib shell32.lib ole32.lib oleaut32.lib uuid.lib odbc32.lib odbccp32.lib /MANIFEST /ManifestFile:"Debug\ImandanaPlayer.exe.intermediate.manifest" /MANIFESTUAC:"level='asInvoker' uiAccess='false'" /DEBUG /PDB:"C:\Users\TOSHIBA\Documents\Visual Studio 2010\Projects\ImandanaPlayer\Debug\ImandanaPlayer.pdb" /TLBID:1 /DYNAMICBASE /NXCOMPAT /IMPLIB:"C:\Users\TOSHIBA\Documents\Visual Studio 2010\Projects\ImandanaPlayer\Debug\ImandanaPlayer.lib" /MACHINE:X86 Debug\main.obj
         ImandanaPlayer.vcxproj -> C:\Users\TOSHIBA\Documents\Visual Studio 2010\Projects\ImandanaPlayer\Debug\ImandanaPlayer.exe
       Manifest:
         C:\Program Files\Microsoft SDKs\Windows\v7.0A\bin\mt.exe /nologo /verbose /outputresource:"C:\Users\TOSHIBA\Documents\Visual Studio 2010\Projects\ImandanaPlayer\Debug\ImandanaPlayer.exe;#1" /manifest Debug\ImandanaPlayer.exe.intermediate.manifest
       FinalizeBuildStatus:
         Deleting file "Debug\ImandanaPlayer.unsuccessfulbuild".
         Touching "Debug\ImandanaPlayer.lastbuildstate".
     1>Done Building Project "C:\Users\TOSHIBA\Documents\Visual Studio 2010\Projects\ImandanaPlayer\ImandanaPlayer\ImandanaPlayer.vcxproj" (rebuild target(s)).

Build succeeded.

Time Elapsed 00:00:02.17
